<?xml version="1.0" encoding="UTF-8"?>
<robot generator="Robot 6.0.1 (Python 3.8.10 on linux)" generated="20221205 21:35:53.167" rpa="false" schemaversion="3">
<suite id="s1" name="Tests" source="/home/kivimani/ohtu-miniprojekti/src/tests">
<suite id="s1-s1" name="Home" source="/home/kivimani/ohtu-miniprojekti/src/tests/home.robot">
<kw name="Open And Configure Browser" library="resource" type="SETUP">
<kw name="Open Browser" library="SeleniumLibrary">
<arg>browser=${BROWSER}</arg>
<doc>Opens a new browser instance to the optional ``url``.</doc>
<msg timestamp="20221205 21:35:53.674" level="INFO">Opening browser 'headlesschrome' to base url 'None'.</msg>
<status status="PASS" starttime="20221205 21:35:53.673" endtime="20221205 21:35:54.294"/>
</kw>
<kw name="Maximize Browser Window" library="SeleniumLibrary">
<doc>Maximizes current browser window.</doc>
<status status="PASS" starttime="20221205 21:35:54.295" endtime="20221205 21:35:54.398"/>
</kw>
<kw name="Set Selenium Speed" library="SeleniumLibrary">
<arg>${DELAY}</arg>
<doc>Sets the delay that is waited after each Selenium command.</doc>
<status status="PASS" starttime="20221205 21:35:54.399" endtime="20221205 21:35:54.400"/>
</kw>
<status status="PASS" starttime="20221205 21:35:53.672" endtime="20221205 21:35:54.400"/>
</kw>
<test id="s1-s1-t1" name="Page is Open" line="9">
<kw name="Go To Main Page" library="resource" type="SETUP">
<kw name="Go To" library="SeleniumLibrary">
<arg>${HOME URL}</arg>
<doc>Navigates the current browser window to the provided ``url``.</doc>
<msg timestamp="20221205 21:35:54.403" level="INFO">Opening url 'http://localhost:5000'</msg>
<status status="PASS" starttime="20221205 21:35:54.402" endtime="20221205 21:35:54.455"/>
</kw>
<status status="PASS" starttime="20221205 21:35:54.402" endtime="20221205 21:35:54.455"/>
</kw>
<kw name="Main Page Should Be Open" library="resource">
<kw name="Title Should Be" library="SeleniumLibrary">
<arg>Etusivu</arg>
<doc>Verifies that the current page title equals ``title``.</doc>
<msg timestamp="20221205 21:35:54.459" level="INFO">Page title is 'Etusivu'.</msg>
<status status="PASS" starttime="20221205 21:35:54.455" endtime="20221205 21:35:54.459"/>
</kw>
<status status="PASS" starttime="20221205 21:35:54.455" endtime="20221205 21:35:54.459"/>
</kw>
<status status="PASS" starttime="20221205 21:35:54.400" endtime="20221205 21:35:54.459"/>
</test>
<test id="s1-s1-t2" name="Register A Book" line="12">
<kw name="Go To Main Page" library="resource" type="SETUP">
<kw name="Go To" library="SeleniumLibrary">
<arg>${HOME URL}</arg>
<doc>Navigates the current browser window to the provided ``url``.</doc>
<msg timestamp="20221205 21:35:54.460" level="INFO">Opening url 'http://localhost:5000'</msg>
<status status="PASS" starttime="20221205 21:35:54.460" endtime="20221205 21:35:54.470"/>
</kw>
<status status="PASS" starttime="20221205 21:35:54.460" endtime="20221205 21:35:54.471"/>
</kw>
<kw name="Set Identifier">
<arg>kalle</arg>
<kw name="Input Text" library="SeleniumLibrary">
<arg>identifier</arg>
<arg>${identifier}</arg>
<doc>Types the given ``text`` into the text field identified by ``locator``.</doc>
<msg timestamp="20221205 21:35:54.472" level="INFO">Typing text 'kalle' into text field 'identifier'.</msg>
<status status="PASS" starttime="20221205 21:35:54.471" endtime="20221205 21:35:54.526"/>
</kw>
<status status="PASS" starttime="20221205 21:35:54.471" endtime="20221205 21:35:54.526"/>
</kw>
<kw name="Set Author">
<arg>kalle</arg>
<kw name="Input Text" library="SeleniumLibrary">
<arg>author</arg>
<arg>${author}</arg>
<doc>Types the given ``text`` into the text field identified by ``locator``.</doc>
<msg timestamp="20221205 21:35:54.527" level="INFO">Typing text 'kalle' into text field 'author'.</msg>
<status status="PASS" starttime="20221205 21:35:54.526" endtime="20221205 21:35:54.574"/>
</kw>
<status status="PASS" starttime="20221205 21:35:54.526" endtime="20221205 21:35:54.574"/>
</kw>
<kw name="Set Editor">
<arg>kalle</arg>
<kw name="Input Text" library="SeleniumLibrary">
<arg>editor</arg>
<arg>${editor}</arg>
<doc>Types the given ``text`` into the text field identified by ``locator``.</doc>
<msg timestamp="20221205 21:35:54.575" level="INFO">Typing text 'kalle' into text field 'editor'.</msg>
<status status="PASS" starttime="20221205 21:35:54.575" endtime="20221205 21:35:54.621"/>
</kw>
<status status="PASS" starttime="20221205 21:35:54.574" endtime="20221205 21:35:54.621"/>
</kw>
<kw name="Set Title">
<arg>kalle</arg>
<kw name="Input Text" library="SeleniumLibrary">
<arg>title</arg>
<arg>${title}</arg>
<doc>Types the given ``text`` into the text field identified by ``locator``.</doc>
<msg timestamp="20221205 21:35:54.622" level="INFO">Typing text 'kalle' into text field 'title'.</msg>
<status status="PASS" starttime="20221205 21:35:54.622" endtime="20221205 21:35:54.668"/>
</kw>
<status status="PASS" starttime="20221205 21:35:54.622" endtime="20221205 21:35:54.668"/>
</kw>
<kw name="Set Publisher">
<arg>kalle</arg>
<kw name="Input Text" library="SeleniumLibrary">
<arg>publisher</arg>
<arg>${publisher}</arg>
<doc>Types the given ``text`` into the text field identified by ``locator``.</doc>
<msg timestamp="20221205 21:35:54.669" level="INFO">Typing text 'kalle' into text field 'publisher'.</msg>
<status status="PASS" starttime="20221205 21:35:54.669" endtime="20221205 21:35:54.715"/>
</kw>
<status status="PASS" starttime="20221205 21:35:54.668" endtime="20221205 21:35:54.715"/>
</kw>
<kw name="Set Year">
<arg>2002</arg>
<kw name="Input Text" library="SeleniumLibrary">
<arg>year</arg>
<arg>${year}</arg>
<doc>Types the given ``text`` into the text field identified by ``locator``.</doc>
<msg timestamp="20221205 21:35:54.716" level="INFO">Typing text '2002' into text field 'year'.</msg>
<status status="PASS" starttime="20221205 21:35:54.716" endtime="20221205 21:35:54.762"/>
</kw>
<status status="PASS" starttime="20221205 21:35:54.715" endtime="20221205 21:35:54.762"/>
</kw>
<kw name="Submit Credentials">
<kw name="Click Button" library="SeleniumLibrary">
<arg>Tallenna kirja</arg>
<doc>Clicks the button identified by ``locator``.</doc>
<msg timestamp="20221205 21:35:54.763" level="INFO">Clicking button 'Tallenna kirja'.</msg>
<status status="PASS" starttime="20221205 21:35:54.762" endtime="20221205 21:35:54.805"/>
</kw>
<status status="PASS" starttime="20221205 21:35:54.762" endtime="20221205 21:35:54.805"/>
</kw>
<kw name="Registering A Book Should Succeed">
<kw name="Main Page Should Be Open" library="resource">
<kw name="Title Should Be" library="SeleniumLibrary">
<arg>Etusivu</arg>
<doc>Verifies that the current page title equals ``title``.</doc>
<msg timestamp="20221205 21:35:54.807" level="INFO">Page title is 'Etusivu'.</msg>
<status status="PASS" starttime="20221205 21:35:54.805" endtime="20221205 21:35:54.807"/>
</kw>
<status status="PASS" starttime="20221205 21:35:54.805" endtime="20221205 21:35:54.807"/>
</kw>
<status status="PASS" starttime="20221205 21:35:54.805" endtime="20221205 21:35:54.807"/>
</kw>
<status status="PASS" starttime="20221205 21:35:54.459" endtime="20221205 21:35:54.808"/>
</test>
<kw name="Close Browser" library="SeleniumLibrary" type="TEARDOWN">
<doc>Closes the current browser.</doc>
<status status="PASS" starttime="20221205 21:35:54.808" endtime="20221205 21:35:54.866"/>
</kw>
<status status="PASS" starttime="20221205 21:35:53.178" endtime="20221205 21:35:54.866"/>
</suite>
<status status="PASS" starttime="20221205 21:35:53.167" endtime="20221205 21:35:54.868"/>
</suite>
<statistics>
<total>
<stat pass="2" fail="0" skip="0">All Tests</stat>
</total>
<tag>
</tag>
<suite>
<stat pass="2" fail="0" skip="0" id="s1" name="Tests">Tests</stat>
<stat pass="2" fail="0" skip="0" id="s1-s1" name="Home">Tests.Home</stat>
</suite>
</statistics>
<errors>
</errors>
</robot>
