<?xml version="1.0" encoding="UTF-8"?>
<robot generator="Robot 6.0.1 (Python 3.9.9 on darwin)" generated="20221205 20:18:38.402" rpa="false" schemaversion="3">
<suite id="s1" name="Tests" source="/Users/nicolaskivimaki/ohtu-miniprojekti/src/tests">
<suite id="s1-s1" name="Home" source="/Users/nicolaskivimaki/ohtu-miniprojekti/src/tests/home.robot">
<kw name="Open And Configure Browser" library="resource" type="SETUP">
<kw name="Open Browser" library="SeleniumLibrary">
<arg>browser=${BROWSER}</arg>
<doc>Opens a new browser instance to the optional ``url``.</doc>
<msg timestamp="20221205 20:18:39.106" level="INFO">Opening browser 'headlesschrome' to base url 'None'.</msg>
<status status="PASS" starttime="20221205 20:18:39.105" endtime="20221205 20:18:40.928"/>
</kw>
<kw name="Maximize Browser Window" library="SeleniumLibrary">
<doc>Maximizes current browser window.</doc>
<status status="PASS" starttime="20221205 20:18:40.928" endtime="20221205 20:18:41.034"/>
</kw>
<kw name="Set Selenium Speed" library="SeleniumLibrary">
<arg>${DELAY}</arg>
<doc>Sets the delay that is waited after each Selenium command.</doc>
<status status="PASS" starttime="20221205 20:18:41.035" endtime="20221205 20:18:41.035"/>
</kw>
<status status="PASS" starttime="20221205 20:18:39.105" endtime="20221205 20:18:41.035"/>
</kw>
<test id="s1-s1-t1" name="Register A Book" line="9">
<kw name="Go To Main Page" library="resource" type="SETUP">
<kw name="Go To" library="SeleniumLibrary">
<arg>${HOME URL}</arg>
<doc>Navigates the current browser window to the provided ``url``.</doc>
<msg timestamp="20221205 20:18:41.038" level="INFO">Opening url 'http://localhost:5000'</msg>
<status status="PASS" starttime="20221205 20:18:41.037" endtime="20221205 20:18:41.309"/>
</kw>
<status status="PASS" starttime="20221205 20:18:41.037" endtime="20221205 20:18:41.309"/>
</kw>
<kw name="Set Identifier">
<arg>kalle</arg>
<kw name="Input Text" library="SeleniumLibrary">
<arg>identifier</arg>
<arg>${identifier}</arg>
<doc>Types the given ``text`` into the text field identified by ``locator``.</doc>
<msg timestamp="20221205 20:18:41.310" level="INFO">Typing text 'kalle' into text field 'identifier'.</msg>
<status status="PASS" starttime="20221205 20:18:41.310" endtime="20221205 20:18:41.680"/>
</kw>
<status status="PASS" starttime="20221205 20:18:41.309" endtime="20221205 20:18:41.680"/>
</kw>
<kw name="Set Author">
<arg>kalle</arg>
<kw name="Input Text" library="SeleniumLibrary">
<arg>author</arg>
<arg>${author}</arg>
<doc>Types the given ``text`` into the text field identified by ``locator``.</doc>
<msg timestamp="20221205 20:18:41.681" level="INFO">Typing text 'kalle' into text field 'author'.</msg>
<status status="PASS" starttime="20221205 20:18:41.681" endtime="20221205 20:18:41.739"/>
</kw>
<status status="PASS" starttime="20221205 20:18:41.680" endtime="20221205 20:18:41.739"/>
</kw>
<kw name="Set Editor">
<arg>kalle</arg>
<kw name="Input Text" library="SeleniumLibrary">
<arg>editor</arg>
<arg>${editor}</arg>
<doc>Types the given ``text`` into the text field identified by ``locator``.</doc>
<msg timestamp="20221205 20:18:41.740" level="INFO">Typing text 'kalle' into text field 'editor'.</msg>
<status status="PASS" starttime="20221205 20:18:41.740" endtime="20221205 20:18:41.811"/>
</kw>
<status status="PASS" starttime="20221205 20:18:41.740" endtime="20221205 20:18:41.811"/>
</kw>
<kw name="Set Title">
<arg>kalle</arg>
<kw name="Input Text" library="SeleniumLibrary">
<arg>title</arg>
<arg>${title}</arg>
<doc>Types the given ``text`` into the text field identified by ``locator``.</doc>
<msg timestamp="20221205 20:18:41.812" level="INFO">Typing text 'kalle' into text field 'title'.</msg>
<status status="PASS" starttime="20221205 20:18:41.812" endtime="20221205 20:18:41.866"/>
</kw>
<status status="PASS" starttime="20221205 20:18:41.812" endtime="20221205 20:18:41.866"/>
</kw>
<kw name="Set Publisher">
<arg>kalle</arg>
<kw name="Input Text" library="SeleniumLibrary">
<arg>publisher</arg>
<arg>${publisher}</arg>
<doc>Types the given ``text`` into the text field identified by ``locator``.</doc>
<msg timestamp="20221205 20:18:41.867" level="INFO">Typing text 'kalle' into text field 'publisher'.</msg>
<status status="PASS" starttime="20221205 20:18:41.866" endtime="20221205 20:18:41.922"/>
</kw>
<status status="PASS" starttime="20221205 20:18:41.866" endtime="20221205 20:18:41.922"/>
</kw>
<kw name="Set Year">
<arg>2002</arg>
<kw name="Input Text" library="SeleniumLibrary">
<arg>year</arg>
<arg>${year}</arg>
<doc>Types the given ``text`` into the text field identified by ``locator``.</doc>
<msg timestamp="20221205 20:18:41.922" level="INFO">Typing text '2002' into text field 'year'.</msg>
<status status="PASS" starttime="20221205 20:18:41.922" endtime="20221205 20:18:41.969"/>
</kw>
<status status="PASS" starttime="20221205 20:18:41.922" endtime="20221205 20:18:41.969"/>
</kw>
<kw name="Submit Credentials">
<kw name="Click Button" library="SeleniumLibrary">
<arg>Tallenna kirja</arg>
<doc>Clicks the button identified by ``locator``.</doc>
<msg timestamp="20221205 20:18:41.970" level="INFO">Clicking button 'Tallenna kirja'.</msg>
<status status="PASS" starttime="20221205 20:18:41.969" endtime="20221205 20:18:42.065"/>
</kw>
<status status="PASS" starttime="20221205 20:18:41.969" endtime="20221205 20:18:42.065"/>
</kw>
<kw name="Registering A Book Should Succeed">
<kw name="Main Page Should Be Open" library="resource">
<kw name="Title Should Be" library="SeleniumLibrary">
<arg>Etusivu</arg>
<doc>Verifies that the current page title equals ``title``.</doc>
<msg timestamp="20221205 20:18:42.220" level="INFO" html="true">&lt;/td&gt;&lt;/tr&gt;&lt;tr&gt;&lt;td colspan="3"&gt;&lt;a href="selenium-screenshot-3.png"&gt;&lt;img src="selenium-screenshot-3.png" width="800px"&gt;&lt;/a&gt;</msg>
<msg timestamp="20221205 20:18:42.220" level="FAIL">Title should have been 'Etusivu' but was ''.</msg>
<status status="FAIL" starttime="20221205 20:18:42.066" endtime="20221205 20:18:42.222"/>
</kw>
<status status="FAIL" starttime="20221205 20:18:42.065" endtime="20221205 20:18:42.222"/>
</kw>
<status status="FAIL" starttime="20221205 20:18:42.065" endtime="20221205 20:18:42.222"/>
</kw>
<status status="FAIL" starttime="20221205 20:18:41.036" endtime="20221205 20:18:42.222">Title should have been 'Etusivu' but was ''.</status>
</test>
<kw name="Close Browser" library="SeleniumLibrary" type="TEARDOWN">
<doc>Closes the current browser.</doc>
<status status="PASS" starttime="20221205 20:18:42.223" endtime="20221205 20:18:42.283"/>
</kw>
<status status="FAIL" starttime="20221205 20:18:38.414" endtime="20221205 20:18:42.283"/>
</suite>
<status status="FAIL" starttime="20221205 20:18:38.402" endtime="20221205 20:18:42.284"/>
</suite>
<statistics>
<total>
<stat pass="0" fail="1" skip="0">All Tests</stat>
</total>
<tag>
</tag>
<suite>
<stat pass="0" fail="1" skip="0" id="s1" name="Tests">Tests</stat>
<stat pass="0" fail="1" skip="0" id="s1-s1" name="Home">Tests.Home</stat>
</suite>
</statistics>
<errors>
</errors>
</robot>
